2022-01-13 09:28:36,699 [Worker-0: Loading available Gradle versions] INFO  o.e.b.c.i.u.g.PublishedGradleVersions - Gradle version information cache is out-of-date. Trying to update.
2022-01-13 09:34:16,004 [Worker-5: Loading available Gradle versions] INFO  o.e.b.c.i.u.g.PublishedGradleVersions - Gradle version information cache is up-to-date. Trying to read.
2022-01-13 09:37:38,319 [Worker-10: Updating Maven Dependencies] ERROR o.e.m.c.i.p.r.ProjectRegistryRefreshJob - Tree element '/WebDriver_Selenium/target/classes/selenium/webdriver/java/OopsConcept.class' not found.
org.eclipse.core.internal.dtree.ObjectNotFoundException: Tree element '/WebDriver_Selenium/target/classes/selenium/webdriver/java/OopsConcept.class' not found.
	at org.eclipse.core.internal.dtree.AbstractDataTree.handleNotFound(AbstractDataTree.java:260)
	at org.eclipse.core.internal.dtree.DeltaDataTree.copyCompleteSubtree(DeltaDataTree.java:313)
	at org.eclipse.core.internal.dtree.DeltaDataTree.naiveCopyCompleteSubtree(DeltaDataTree.java:777)
	at org.eclipse.core.internal.dtree.DeltaDataTree.copyCompleteSubtree(DeltaDataTree.java:317)
	at org.eclipse.core.internal.dtree.DeltaDataTree.naiveCopyCompleteSubtree(DeltaDataTree.java:777)
	at org.eclipse.core.internal.dtree.DeltaDataTree.copyCompleteSubtree(DeltaDataTree.java:317)
	at org.eclipse.core.internal.dtree.DeltaDataTree.naiveCopyCompleteSubtree(DeltaDataTree.java:777)
	at org.eclipse.core.internal.dtree.DeltaDataTree.copyCompleteSubtree(DeltaDataTree.java:317)
	at org.eclipse.core.internal.dtree.DeltaDataTree.naiveCopyCompleteSubtree(DeltaDataTree.java:777)
	at org.eclipse.core.internal.dtree.DeltaDataTree.copyCompleteSubtree(DeltaDataTree.java:317)
	at org.eclipse.core.internal.dtree.DeltaDataTree.naiveCopyCompleteSubtree(DeltaDataTree.java:777)
	at org.eclipse.core.internal.dtree.DeltaDataTree.copyCompleteSubtree(DeltaDataTree.java:317)
	at org.eclipse.core.internal.dtree.DeltaDataTree.naiveCopyCompleteSubtree(DeltaDataTree.java:777)
	at org.eclipse.core.internal.dtree.DeltaDataTree.copyCompleteSubtree(DeltaDataTree.java:317)
	at org.eclipse.core.internal.dtree.DataTreeNode.asBackwardDelta(DataTreeNode.java:57)
	at org.eclipse.core.internal.dtree.DataDeltaNode.asBackwardDelta(DataDeltaNode.java:51)
	at org.eclipse.core.internal.dtree.DeltaDataTree.asBackwardDelta(DeltaDataTree.java:91)
	at org.eclipse.core.internal.dtree.DeltaDataTree.reroot(DeltaDataTree.java:835)
	at org.eclipse.core.internal.dtree.DeltaDataTree.reroot(DeltaDataTree.java:834)
	at org.eclipse.core.internal.dtree.DeltaDataTree.reroot(DeltaDataTree.java:811)
	at org.eclipse.core.internal.watson.ElementTree.immutable(ElementTree.java:522)
	at org.eclipse.core.internal.events.ResourceDeltaFactory.computeDelta(ResourceDeltaFactory.java:46)
	at org.eclipse.core.internal.events.NotificationManager.getDelta(NotificationManager.java:240)
	at org.eclipse.core.internal.events.NotificationManager.broadcastChanges(NotificationManager.java:149)
	at org.eclipse.core.internal.resources.Workspace.broadcastPostChange(Workspace.java:381)
	at org.eclipse.core.internal.resources.Workspace.endOperation(Workspace.java:1503)
	at org.eclipse.core.internal.resources.Resource.deleteMarkers(Resource.java:806)
	at org.eclipse.m2e.core.internal.markers.MavenMarkerManager.deleteMarkers(MavenMarkerManager.java:250)
	at org.eclipse.m2e.core.internal.markers.MavenMarkerManager.deleteMarkers(MavenMarkerManager.java:244)
	at org.eclipse.m2e.core.internal.project.registry.ProjectRegistryManager.readMavenProjectFacades(ProjectRegistryManager.java:716)
	at org.eclipse.m2e.core.internal.project.registry.ProjectRegistryManager.refresh(ProjectRegistryManager.java:431)
	at org.eclipse.m2e.core.internal.project.registry.ProjectRegistryManager.refresh(ProjectRegistryManager.java:364)
	at org.eclipse.m2e.core.internal.project.registry.ProjectRegistryRefreshJob.lambda$4(ProjectRegistryRefreshJob.java:141)
	at org.eclipse.m2e.core.internal.embedder.MavenExecutionContext.executeBare(MavenExecutionContext.java:179)
	at org.eclipse.m2e.core.internal.embedder.MavenExecutionContext.execute(MavenExecutionContext.java:153)
	at org.eclipse.m2e.core.internal.embedder.MavenExecutionContext.execute(MavenExecutionContext.java:101)
	at org.eclipse.m2e.core.internal.embedder.MavenImpl.execute(MavenImpl.java:1370)
	at org.eclipse.m2e.core.internal.project.registry.ProjectRegistryRefreshJob.lambda$0(ProjectRegistryRefreshJob.java:140)
	at org.eclipse.m2e.core.internal.embedder.MavenExecutionContext.executeBare(MavenExecutionContext.java:179)
	at org.eclipse.m2e.core.internal.embedder.MavenExecutionContext.execute(MavenExecutionContext.java:153)
	at org.eclipse.m2e.core.internal.embedder.MavenExecutionContext.execute(MavenExecutionContext.java:101)
	at org.eclipse.m2e.core.internal.embedder.MavenImpl.execute(MavenImpl.java:1374)
	at org.eclipse.m2e.core.internal.project.registry.ProjectRegistryRefreshJob.run(ProjectRegistryRefreshJob.java:84)
	at org.eclipse.core.internal.jobs.Worker.run(Worker.java:63)
